e:\hal\就職作品\stinger\stinger\x64\debug\vc143.pdb
e:\hal\就職作品\stinger\stinger\x64\debug\staticmeshobject.obj
e:\hal\就職作品\stinger\stinger\x64\debug\skydome.obj
e:\hal\就職作品\stinger\stinger\x64\debug\gamescene.obj
e:\hal\就職作品\stinger\stinger\x64\debug\renderer.obj
e:\hal\就職作品\stinger\stinger\x64\debug\objmodelrenderer.obj
e:\hal\就職作品\stinger\stinger\x64\debug\fbxmodelrenderer.obj
e:\hal\就職作品\stinger\stinger\x64\debug\gameobject.obj
e:\hal\就職作品\stinger\stinger\x64\debug\scenemanager.obj
e:\hal\就職作品\stinger\stinger\x64\debug\objmodelmanager.obj
e:\hal\就職作品\stinger\stinger\x64\debug\objectmanager.obj
e:\hal\就職作品\stinger\stinger\x64\debug\inputmanager.obj
e:\hal\就職作品\stinger\stinger\x64\debug\fbxmodelmanager.obj
e:\hal\就職作品\stinger\stinger\x64\debug\main.obj
e:\hal\就職作品\stinger\stinger\x64\debug\player.obj
e:\hal\就職作品\stinger\stinger\x64\debug\character.obj
e:\hal\就職作品\stinger\stinger\x64\debug\playercamera.obj
e:\hal\就職作品\stinger\stinger\x64\debug\camera.obj
e:\hal\就職作品\stinger\cso\unlittextureps.cso
e:\hal\就職作品\stinger\cso\unlittexturevs.cso
e:\hal\就職作品\stinger\stinger\x64\debug\stinger.tlog\cl.command.1.tlog
e:\hal\就職作品\stinger\stinger\x64\debug\stinger.tlog\cl.read.1.tlog
e:\hal\就職作品\stinger\stinger\x64\debug\stinger.tlog\cl.write.1.tlog
e:\hal\就職作品\stinger\stinger\x64\debug\stinger.tlog\fxc.command.1.tlog
e:\hal\就職作品\stinger\stinger\x64\debug\stinger.tlog\fxc.read.1.tlog
e:\hal\就職作品\stinger\stinger\x64\debug\stinger.tlog\fxc.write.1.tlog
